C51 COMPILER V9.54   MAIN                                                                  02/11/2022 20:28:34 PAGE 1   


C51 COMPILER V9.54, COMPILATION OF MODULE MAIN
OBJECT MODULE PLACED IN .\Objects\main.obj
COMPILER INVOKED BY: D:\gjrj3\keil4\C51\BIN\C51.EXE main.c OPTIMIZE(8,SPEED) BROWSE DEBUG OBJECTEXTEND PRINT(.\Listings\
                    -main.lst) TABS(2) OBJECT(.\Objects\main.obj)

line level    source

   1          #include<reg52.h>
   2          #include"Timer0.h"
   3          #include"logic.h"
   4          sbit IN1=P2^0;
   5          sbit IN2=P2^1;
   6          sbit IN3=P2^2;
   7          sbit IN4=P2^3; 
   8          sbit CTRL=P0^1;
   9          sbit OUT1=P0^2;
  10          sbit OUT2=P0^3;
  11          sbit OUT3=P0^4;
  12          sbit OUT4=P0^5;
  13          sbit CTRR=P0^6;
  14          int left=0,right=0;
  15          void main()
  16          {
  17   1        OUT1=1;
  18   1        OUT2=0;
  19   1        OUT3=0;
  20   1        OUT4=1;
  21   1        Timer0Init();
  22   1        while(1)
  23   1        {
  24   2          logic(IN1,IN2,IN3,IN4);
  25   2        }
  26   1      }
  27          void Timer0(void)   interrupt 1
  28          {
  29   1        static unsigned int count;
  30   1        TL0 = 0xA4;   
  31   1        TH0 = 0xFF;   
  32   1        count++;
  33   1        if(count<left){ CTRL=1;}
  34   1        else          { CTRL=0;}
  35   1        if(count<right){CTRR=1;}
  36   1        else           {CTRR=0;}
  37   1        count%=100;
  38   1      }


MODULE INFORMATION:   STATIC OVERLAYABLE
   CODE SIZE        =    134    ----
   CONSTANT SIZE    =   ----    ----
   XDATA SIZE       =   ----    ----
   PDATA SIZE       =   ----    ----
   DATA SIZE        =      6    ----
   IDATA SIZE       =   ----    ----
   BIT SIZE         =   ----    ----
END OF MODULE INFORMATION.


C51 COMPILATION COMPLETE.  0 WARNING(S),  0 ERROR(S)
