C51 COMPILER V9.54   MAIN                                                                  12/03/2021 15:33:07 PAGE 1   


C51 COMPILER V9.54, COMPILATION OF MODULE MAIN
OBJECT MODULE PLACED IN .\Objects\main.obj
COMPILER INVOKED BY: D:\gjrj3\keil4\C51\BIN\C51.EXE main.c OPTIMIZE(8,SPEED) BROWSE DEBUG OBJECTEXTEND PRINT(.\Listings\
                    -main.lst) TABS(2) OBJECT(.\Objects\main.obj)

line level    source

   1          #include<regx52.h>
   2          #include"MLED.h"
   3          #include"Timer0.h"
   4          /*
   5              brief:LED点阵显示跳动的心
   6              come_in:
   7              out:
   8          */
   9          unsigned char code smg[]={0x00,0x00,0x78,0x7C,0x3E,0x3E,0x7C,0x78,0x00,0x00};
  10          unsigned char code smg2[]={0x00,0xF0,0xF8,0x7C,0x7C,0xF8,0xF0,0x00};
  11          unsigned char code smg3[]={0x00,0x3C,0x3E,0x1F,0x1F,0x3E,0x3C,0x00};
  12          unsigned char i,a;
  13          void main()
  14          {
  15   1        Timer0Init();
  16   1        
  17   1        while(1)
  18   1        {
  19   2          if(a==0)
  20   2          {
  21   3            for(i=0;i<8;i++)
  22   3            {
  23   4              MLED(i,smg[i+1]);
  24   4            }
  25   3          }
  26   2          if(a==1)
  27   2          {
  28   3            for(i=0;i<8;i++)
  29   3            {
  30   4              MLED(i,smg[i]);
  31   4            }
  32   3          }
  33   2          if(a==2)
  34   2          {
  35   3            for(i=0;i<8;i++)
  36   3            {
  37   4              MLED(i,smg2[i]);
  38   4            }
  39   3          }
  40   2          if(a==3)
  41   2          {
  42   3            for(i=0;i<8;i++)
  43   3            {
  44   4              MLED(i,smg[i+2]);
  45   4            }
  46   3          }
  47   2          if(a==4)
  48   2          {
  49   3            for(i=0;i<8;i++)
  50   3            {
  51   4              MLED(i,smg3[i]);
  52   4            }
  53   3          }
  54   2          
C51 COMPILER V9.54   MAIN                                                                  12/03/2021 15:33:07 PAGE 2   

  55   2          
  56   2        
  57   2          
  58   2        }
  59   1      }
  60          void Timer0(void)   interrupt 1
  61          {
  62   1        static unsigned long int count;//使用char可能达不到一千，不会执行if语句
  63   1        TL0 = 0x66;   
  64   1        TH0 = 0xFC;   
  65   1        count++;
  66   1        if(count>1000)
  67   1        {
  68   2          a++;
  69   2          if(a>4)
  70   2          {a=0;}
  71   2            
  72   2          count=0;
  73   2        }
  74   1      }


MODULE INFORMATION:   STATIC OVERLAYABLE
   CODE SIZE        =    289    ----
   CONSTANT SIZE    =     26    ----
   XDATA SIZE       =   ----    ----
   PDATA SIZE       =   ----    ----
   DATA SIZE        =      6    ----
   IDATA SIZE       =   ----    ----
   BIT SIZE         =   ----    ----
END OF MODULE INFORMATION.


C51 COMPILATION COMPLETE.  0 WARNING(S),  0 ERROR(S)
