C51 COMPILER V9.54   MAIN                                                                  01/16/2022 19:06:43 PAGE 1   


C51 COMPILER V9.54, COMPILATION OF MODULE MAIN
OBJECT MODULE PLACED IN .\Objects\main.obj
COMPILER INVOKED BY: D:\gjrj3\keil4\C51\BIN\C51.EXE main.c OPTIMIZE(8,SPEED) BROWSE DEBUG OBJECTEXTEND PRINT(.\Listings\
                    -main.lst) TABS(2) OBJECT(.\Objects\main.obj)

line level    source

   1          #include<reg52.h>
   2          #include"delay.h"
   3          #include"LCD1602.h"
   4          #include"XPT2046.h"
   5          unsigned int a,b,c;
   6          void main()
   7          {
   8   1        LCD_Init();
   9   1        LCD_ShowString(1,1,"TR   QR   LR");
  10   1        while(1)
  11   1        {
  12   2          a=xpt2046_read(XP_12);
  13   2          b=xpt2046_read(YP_12);
  14   2          c=xpt2046_read(BAT_12);
  15   2          LCD_ShowNum(2,1,a,4);
  16   2          LCD_ShowNum(2,6,b,4);
  17   2          LCD_ShowNum(2,11,c,4);
  18   2        }
  19   1      }


MODULE INFORMATION:   STATIC OVERLAYABLE
   CODE SIZE        =     87    ----
   CONSTANT SIZE    =     13    ----
   XDATA SIZE       =   ----    ----
   PDATA SIZE       =   ----    ----
   DATA SIZE        =      6    ----
   IDATA SIZE       =   ----    ----
   BIT SIZE         =   ----    ----
END OF MODULE INFORMATION.


C51 COMPILATION COMPLETE.  0 WARNING(S),  0 ERROR(S)
