C51 COMPILER V9.54   XPT2046                                                               01/16/2022 19:07:11 PAGE 1   


C51 COMPILER V9.54, COMPILATION OF MODULE XPT2046
OBJECT MODULE PLACED IN .\Objects\xpt2046.obj
COMPILER INVOKED BY: D:\gjrj3\keil4\C51\BIN\C51.EXE xpt2046.c OPTIMIZE(8,SPEED) BROWSE DEBUG OBJECTEXTEND PRINT(.\Listin
                    -gs\xpt2046.lst) TABS(2) OBJECT(.\Objects\xpt2046.obj)

line level    source

   1          #include<reg52.h>
   2          sbit DIN=P3^4;
   3          sbit CS=P3^5;
   4          sbit DCLK=P3^6;
   5          sbit DOUT=P3^7;
   6          unsigned int xpt2046_read(unsigned char type)
   7          {
   8   1        unsigned char i;
   9   1        unsigned int out=0;
  10   1        DCLK=0;
  11   1        CS=0;
  12   1        for(i=0;i<8;i++)
  13   1        {
  14   2          DIN=(0x80>>i)&type;
  15   2          DCLK=1;
  16   2          DCLK=0;
  17   2        }
  18   1        for(i=0;i<8;i++)
  19   1        {
  20   2          DCLK=1;
  21   2          DCLK=0;
  22   2          if(DOUT){out|=(0x8000>>i);}
  23   2        }   
  24   1        CS=1;
  25   1        if(type&0x08){out>>=8;}
  26   1        else{out>>=4;}
  27   1        return out;
  28   1      }


MODULE INFORMATION:   STATIC OVERLAYABLE
   CODE SIZE        =    119    ----
   CONSTANT SIZE    =   ----    ----
   XDATA SIZE       =   ----    ----
   PDATA SIZE       =   ----    ----
   DATA SIZE        =   ----       2
   IDATA SIZE       =   ----    ----
   BIT SIZE         =   ----    ----
END OF MODULE INFORMATION.


C51 COMPILATION COMPLETE.  0 WARNING(S),  0 ERROR(S)
