C51 COMPILER V9.54   MAIN                                                                  01/04/2022 20:03:59 PAGE 1   


C51 COMPILER V9.54, COMPILATION OF MODULE MAIN
OBJECT MODULE PLACED IN .\Objects\main.obj
COMPILER INVOKED BY: D:\gjrj3\keil4\C51\BIN\C51.EXE main.c OPTIMIZE(8,SPEED) BROWSE DEBUG OBJECTEXTEND PRINT(.\Listings\
                    -main.lst) TABS(2) OBJECT(.\Objects\main.obj)

line level    source

   1          #include <regx52.h>
   2          #include <intrins.h>
   3          #include"delay.h"
   4          #include"independence_con.h"
   5          typedef unsigned int u16;
   6          typedef unsigned char u8;
   7          void main()
   8          {
   9   1        
  10   1        u8 KEY,Temp=0x00;
  11   1        P2=0xff;
  12   1        while(1)
  13   1        {
  14   2          KEY=independent();
  15   2          if(KEY)
  16   2          {
  17   3            Temp++;
  18   3            P2=~Temp;
  19   3          }
  20   2        }
  21   1        
  22   1      }


MODULE INFORMATION:   STATIC OVERLAYABLE
   CODE SIZE        =     21    ----
   CONSTANT SIZE    =   ----    ----
   XDATA SIZE       =   ----    ----
   PDATA SIZE       =   ----    ----
   DATA SIZE        =   ----       1
   IDATA SIZE       =   ----    ----
   BIT SIZE         =   ----    ----
END OF MODULE INFORMATION.


C51 COMPILATION COMPLETE.  0 WARNING(S),  0 ERROR(S)
