C51 COMPILER V9.54   MAIN                                                                  11/24/2021 23:18:56 PAGE 1   


C51 COMPILER V9.54, COMPILATION OF MODULE MAIN
OBJECT MODULE PLACED IN .\Objects\main.obj
COMPILER INVOKED BY: D:\gjrj3\keil4\C51\BIN\C51.EXE main.c OPTIMIZE(8,SPEED) BROWSE DEBUG OBJECTEXTEND PRINT(.\Listings\
                    -main.lst) TABS(2) OBJECT(.\Objects\main.obj)

line level    source

   1          #include<regx52.h>
   2          #include"independence_con.h"
   3          #include<Intrins.h>
   4          #include"Timer0.h"
   5          char mode,a;
   6          
   7          void main()
   8          {
   9   1        Timer0Init();
  10   1        P2=0xFE;
  11   1        while(1)
  12   1        {
  13   2           a=independent();
  14   2          if(a)
  15   2          {
  16   3            mode++;
  17   3            if(mode>=2)
  18   3              mode=0;
  19   3          }
  20   2        }
  21   1      }
  22          void Timer0(void)   interrupt 1
  23          {
  24   1        static unsigned int count;
  25   1        TL0 = 0x66;   
  26   1        TH0 = 0xFC;   
  27   1        count++;
  28   1        if(count>1000)
  29   1        {
  30   2          count=0;
  31   2          if(mode==0)
  32   2            P2=_crol_(P2,1);
  33   2          if(mode==1)
  34   2            P2=_cror_(P2,1);
  35   2        }
  36   1      }


MODULE INFORMATION:   STATIC OVERLAYABLE
   CODE SIZE        =    115    ----
   CONSTANT SIZE    =   ----    ----
   XDATA SIZE       =   ----    ----
   PDATA SIZE       =   ----    ----
   DATA SIZE        =      4    ----
   IDATA SIZE       =   ----    ----
   BIT SIZE         =   ----    ----
END OF MODULE INFORMATION.


C51 COMPILATION COMPLETE.  0 WARNING(S),  0 ERROR(S)
