C51 COMPILER V9.54   I2C                                                                   01/04/2022 19:47:15 PAGE 1   


C51 COMPILER V9.54, COMPILATION OF MODULE I2C
OBJECT MODULE PLACED IN .\Objects\I2C.obj
COMPILER INVOKED BY: D:\gjrj3\keil4\C51\BIN\C51.EXE I2C.c OPTIMIZE(8,SPEED) BROWSE DEBUG OBJECTEXTEND PRINT(.\Listings\I
                    -2C.lst) TABS(2) OBJECT(.\Objects\I2C.obj)

line level    source

   1          #include<reg52.h>
   2          sbit SDA=P2^0;
   3          sbit SCL=P2^1;
   4          unsigned char i;
   5          void I2C_Start()//开始
   6          {
   7   1        SDA=1;
   8   1        SCL=1;
   9   1        SDA=0;
  10   1        SCL=0;
  11   1      }
  12          void I2C_Stop()//结束
  13          {
  14   1        SDA=0;
  15   1        SCL=1;
  16   1        SDA=1;
  17   1      }
  18          void I2C_WriteByte(unsigned char Byte)//写入一个字节
  19          {
  20   1        for(i=0;i<8;i++)
  21   1        {
  22   2          SDA=Byte&(0x80>>i);
  23   2          SCL=1;
  24   2          SCL=0;
  25   2        }
  26   1      }
  27          unsigned char I2C_ReceiveByte()//接受字节
  28          {
  29   1        unsigned char Byte=0x00;
  30   1        SDA=1;
  31   1        for(i=0;i<8;i++)
  32   1        {
  33   2          SCL=1;
  34   2          if(SDA){Byte|=(0x80>>i);}
  35   2          SCL=0;
  36   2        }
  37   1      }
*** WARNING C173 IN LINE 37 OF I2C.c: missing return-expression
  38          void I2C_SA(unsigned char Byte)//发送应答，1表非应答
  39          {
  40   1        SDA=Byte;
  41   1        SCL=1;
  42   1        SCL=0;
  43   1      }
  44          unsigned char I2C_RA()//接受应答
  45          {
  46   1        unsigned char y;
  47   1        SDA=1;
  48   1        SCL=1;
  49   1        y=SDA;
  50   1        SCL=0;
  51   1        return y;
  52   1      }
*** WARNING C290 IN LINE 37 OF I2C.c: missing return value
C51 COMPILER V9.54   I2C                                                                   01/04/2022 19:47:15 PAGE 2   



MODULE INFORMATION:   STATIC OVERLAYABLE
   CODE SIZE        =    117    ----
   CONSTANT SIZE    =   ----    ----
   XDATA SIZE       =   ----    ----
   PDATA SIZE       =   ----    ----
   DATA SIZE        =      1    ----
   IDATA SIZE       =   ----    ----
   BIT SIZE         =   ----    ----
END OF MODULE INFORMATION.


C51 COMPILATION COMPLETE.  2 WARNING(S),  0 ERROR(S)
