C51 COMPILER V9.54   MAIN                                                                  01/03/2022 23:31:22 PAGE 1   


C51 COMPILER V9.54, COMPILATION OF MODULE MAIN
OBJECT MODULE PLACED IN .\Objects\main.obj
COMPILER INVOKED BY: D:\gjrj3\keil4\C51\BIN\C51.EXE main.c OPTIMIZE(8,SPEED) BROWSE DEBUG OBJECTEXTEND PRINT(.\Listings\
                    -main.lst) TABS(2) OBJECT(.\Objects\main.obj)

line level    source

   1          #include<reg52.h>
   2          #include<I2C.h>
   3          #include"AT24C02.h"
   4          #include"LCD1602.h"
   5          #include"independence_con.h"
   6          #include"delay.h"
   7          unsigned char KEY;
   8          unsigned int Num;
   9          void  main()
  10          {
  11   1        LCD_Init();
  12   1        while(1)
  13   1        {
  14   2          LCD_ShowNum(1,1,Num,6);
  15   2          KEY=independent();
  16   2          if(KEY==1)
  17   2          {
  18   3            Num++;
  19   3            LCD_ShowNum(1,1,Num,6);
  20   3          }
  21   2          if(KEY==2)
  22   2          {
  23   3            Num--;
  24   3            LCD_ShowNum(1,1,Num,6);
  25   3          }
  26   2          if(KEY==3)
  27   2          {
  28   3            AT24C02_Write(1,Num/256);
  29   3            AT24C02_Write(2,Num%256);
  30   3          }
  31   2          if(KEY==4)
  32   2          {
  33   3            Num=AT24C02_Receive(2);
  34   3            Num|=AT24C02_Receive(1)<<8;
  35   3          }
  36   2        }
  37   1      }


MODULE INFORMATION:   STATIC OVERLAYABLE
   CODE SIZE        =    122    ----
   CONSTANT SIZE    =   ----    ----
   XDATA SIZE       =   ----    ----
   PDATA SIZE       =   ----    ----
   DATA SIZE        =      3    ----
   IDATA SIZE       =   ----    ----
   BIT SIZE         =   ----    ----
END OF MODULE INFORMATION.


C51 COMPILATION COMPLETE.  0 WARNING(S),  0 ERROR(S)
