C51 COMPILER V9.01   SMG                                                                   03/23/2021 17:11:49 PAGE 1   


C51 COMPILER V9.01, COMPILATION OF MODULE SMG
OBJECT MODULE PLACED IN smg.OBJ
COMPILER INVOKED BY: C:\Users\∑Ω’Ò—Û\Desktop\dpj\C51\BIN\C51.EXE smg.c BROWSE DEBUG OBJECTEXTEND

line level    source

   1          #include<reg52.h>
   2          typedef unsigned int u16;
   3          typedef unsigned char u8;
   4          sbit kz1=P2^2;
   5          sbit kz2=P2^3;
   6          sbit kz3=P2^4;
   7          u8 code smg[]={0x3f  , 0x06 , 0x5b , 0x4f , 0x66 , 0x6d, 0x7d , 0x07 , 0x7f  , 0x6f , 0x77 , 0x7c ,0x39 , 
             -0x5e , 0x79 , 0x71 };
   8          void main()
   9          {
  10   1              kz1=0;
  11   1              kz2=0;
  12   1              kz3=0;
  13   1              P0=smg[4];       //0x66   0110 0110
  14   1      }


MODULE INFORMATION:   STATIC OVERLAYABLE
   CODE SIZE        =     14    ----
   CONSTANT SIZE    =     16    ----
   XDATA SIZE       =   ----    ----
   PDATA SIZE       =   ----    ----
   DATA SIZE        =   ----    ----
   IDATA SIZE       =   ----    ----
   BIT SIZE         =   ----    ----
END OF MODULE INFORMATION.


C51 COMPILATION COMPLETE.  0 WARNING(S),  0 ERROR(S)
