C51 COMPILER V9.54   MAIN                                                                  11/22/2021 21:39:14 PAGE 1   


C51 COMPILER V9.54, COMPILATION OF MODULE MAIN
OBJECT MODULE PLACED IN .\Objects\main.obj
COMPILER INVOKED BY: D:\gjrj3\keil4\C51\BIN\C51.EXE main.c OPTIMIZE(8,SPEED) BROWSE DEBUG OBJECTEXTEND PRINT(.\Listings\
                    -main.lst) TABS(2) OBJECT(.\Objects\main.obj)

line level    source

   1          #include<regx52.h>
   2          #include"delay.h"
   3          #include"MatrixKey.h"
*** WARNING C318 IN LINE 3 OF main.c: can't open file 'MatrixKey.h'
   4          #include"LCD1602.h"
   5          #include"out.h"
   6          void main()
   7          {
   8   1        unsigned int num=0;
   9   1        unsigned int count,password;
  10   1        LCD_Init();
  11   1        LCD_ShowString(1,1,"HELLO WORLD");
  12   1        count=0;
  13   1        
  14   1        while(1)
  15   1        {
  16   2            password=cs();
  17   2            if(password!=0)
  18   2            {
  19   3              if(password<=10);
  20   3              {
  21   4                if (count<4)
  22   4                {
  23   5                  num*=10;
  24   5                  num+=password%10;
  25   5                  LCD_ShowNum(2,1,num,4);
  26   5                  count++;
  27   5                }
  28   4              }
  29   3              if(password==12)
  30   3              {
  31   4              num=0;
  32   4              LCD_ShowNum(2,1,num,4);
  33   4              count=0;
  34   4              }
  35   3              if(password==11)
  36   3              {
  37   4                if(num==1012)
  38   4                {
  39   5                  LCD_ShowString(1,14,"Hui");
  40   5                  num=0;
  41   5                  LCD_ShowNum(2,1,num,4);
  42   5                  count=0;
  43   5                }
  44   4                else
  45   4                {
  46   5                  LCD_ShowString(1,14,"ERR");
  47   5                  num=0;
  48   5                  LCD_ShowNum(2,1,num,4);
  49   5                  count=0;
  50   5                }
  51   4                
  52   4              }
  53   3            }
C51 COMPILER V9.54   MAIN                                                                  11/22/2021 21:39:14 PAGE 2   

  54   2            
  55   2          
  56   2          
  57   2        }
  58   1          
  59   1      }


MODULE INFORMATION:   STATIC OVERLAYABLE
   CODE SIZE        =    230    ----
   CONSTANT SIZE    =     20    ----
   XDATA SIZE       =   ----    ----
   PDATA SIZE       =   ----    ----
   DATA SIZE        =   ----       6
   IDATA SIZE       =   ----    ----
   BIT SIZE         =   ----    ----
END OF MODULE INFORMATION.


C51 COMPILATION COMPLETE.  1 WARNING(S),  0 ERROR(S)
