C51 COMPILER V9.54   MAIN                                                                  11/21/2021 16:56:55 PAGE 1   


C51 COMPILER V9.54, COMPILATION OF MODULE MAIN
OBJECT MODULE PLACED IN .\Objects\main.obj
COMPILER INVOKED BY: D:\gjrj3\keil4\C51\BIN\C51.EXE main.c OPTIMIZE(8,SPEED) BROWSE DEBUG OBJECTEXTEND PRINT(.\Listings\
                    -main.lst) TABS(2) OBJECT(.\Objects\main.obj)

line level    source

   1          #include <reg51.h>
   2          typedef unsigned int u16;
   3          typedef unsigned char u8;
   4          sbit LED=P2^0;
   5          //sbit KEY=P3^2;
   6          void delay(u16 i)
   7          {
   8   1        while(i--);
   9   1      }
  10          void yuxian()
  11          {
  12   1        EA=1;//中断总允许位
  13   1        EX0=1;//外部中断允许位
  14   1        IT0=1;//使触发方式为下降沿
  15   1      }
  16          void aihui () interrupt 0
  17          {
  18   1        delay(1000);
  19   1        if(P3^2==0)
  20   1        {
  21   2          LED=~LED;
  22   2        }
  23   1      }
  24          void main()
  25          {
  26   1        LED=0;
  27   1        yuxian();
  28   1        while(1);
  29   1        
  30   1      }


MODULE INFORMATION:   STATIC OVERLAYABLE
   CODE SIZE        =     62    ----
   CONSTANT SIZE    =   ----    ----
   XDATA SIZE       =   ----    ----
   PDATA SIZE       =   ----    ----
   DATA SIZE        =   ----    ----
   IDATA SIZE       =   ----    ----
   BIT SIZE         =   ----    ----
END OF MODULE INFORMATION.


C51 COMPILATION COMPLETE.  0 WARNING(S),  0 ERROR(S)
