Determining if the pthread_create exist failed with the following output:
Change Dir: /home/bingda/project/hlwj_2022/socket_img/tcp_cli/build/CMakeFiles/CMakeTmp

Run Build Command:"/usr/bin/make" "cmTC_73176/fast"
/usr/bin/make -f CMakeFiles/cmTC_73176.dir/build.make CMakeFiles/cmTC_73176.dir/build
make[1]: Entering directory '/home/bingda/project/hlwj_2022/socket_img/tcp_cli/build/CMakeFiles/CMakeTmp'
Building C object CMakeFiles/cmTC_73176.dir/CheckSymbolExists.c.o
/usr/bin/cc   -fPIC    -o CMakeFiles/cmTC_73176.dir/CheckSymbolExists.c.o   -c /home/bingda/project/hlwj_2022/socket_img/tcp_cli/build/CMakeFiles/CMakeTmp/CheckSymbolExists.c
Linking C executable cmTC_73176
/usr/bin/cmake -E cmake_link_script CMakeFiles/cmTC_73176.dir/link.txt --verbose=1
/usr/bin/cc -fPIC     -rdynamic CMakeFiles/cmTC_73176.dir/CheckSymbolExists.c.o  -o cmTC_73176 
CMakeFiles/cmTC_73176.dir/CheckSymbolExists.c.o: In function `main':
CheckSymbolExists.c:(.text+0x14): undefined reference to `pthread_create'
CheckSymbolExists.c:(.text+0x18): undefined reference to `pthread_create'
collect2: error: ld returned 1 exit status
CMakeFiles/cmTC_73176.dir/build.make:97: recipe for target 'cmTC_73176' failed
make[1]: *** [cmTC_73176] Error 1
make[1]: Leaving directory '/home/bingda/project/hlwj_2022/socket_img/tcp_cli/build/CMakeFiles/CMakeTmp'
Makefile:126: recipe for target 'cmTC_73176/fast' failed
make: *** [cmTC_73176/fast] Error 2

File /home/bingda/project/hlwj_2022/socket_img/tcp_cli/build/CMakeFiles/CMakeTmp/CheckSymbolExists.c:
/* */
#include <pthread.h>

int main(int argc, char** argv)
{
  (void)argv;
#ifndef pthread_create
  return ((int*)(&pthread_create))[argc];
#else
  (void)argc;
  return 0;
#endif
}

Determining if the function pthread_create exists in the pthreads failed with the following output:
Change Dir: /home/bingda/project/hlwj_2022/socket_img/tcp_cli/build/CMakeFiles/CMakeTmp

Run Build Command:"/usr/bin/make" "cmTC_e3a2c/fast"
/usr/bin/make -f CMakeFiles/cmTC_e3a2c.dir/build.make CMakeFiles/cmTC_e3a2c.dir/build
make[1]: Entering directory '/home/bingda/project/hlwj_2022/socket_img/tcp_cli/build/CMakeFiles/CMakeTmp'
Building C object CMakeFiles/cmTC_e3a2c.dir/CheckFunctionExists.c.o
/usr/bin/cc   -fPIC -DCHECK_FUNCTION_EXISTS=pthread_create   -o CMakeFiles/cmTC_e3a2c.dir/CheckFunctionExists.c.o   -c /usr/share/cmake-3.10/Modules/CheckFunctionExists.c
Linking C executable cmTC_e3a2c
/usr/bin/cmake -E cmake_link_script CMakeFiles/cmTC_e3a2c.dir/link.txt --verbose=1
/usr/bin/cc -fPIC -DCHECK_FUNCTION_EXISTS=pthread_create    -rdynamic CMakeFiles/cmTC_e3a2c.dir/CheckFunctionExists.c.o  -o cmTC_e3a2c -lpthreads 
/usr/bin/ld: cannot find -lpthreads
collect2: error: ld returned 1 exit status
CMakeFiles/cmTC_e3a2c.dir/build.make:97: recipe for target 'cmTC_e3a2c' failed
make[1]: *** [cmTC_e3a2c] Error 1
make[1]: Leaving directory '/home/bingda/project/hlwj_2022/socket_img/tcp_cli/build/CMakeFiles/CMakeTmp'
Makefile:126: recipe for target 'cmTC_e3a2c/fast' failed
make: *** [cmTC_e3a2c/fast] Error 2


