C51 COMPILER V9.54   UART                                                                  12/02/2021 17:20:20 PAGE 1   


C51 COMPILER V9.54, COMPILATION OF MODULE UART
OBJECT MODULE PLACED IN .\Objects\UART.obj
COMPILER INVOKED BY: D:\gjrj3\keil4\C51\BIN\C51.EXE UART.c OPTIMIZE(8,SPEED) BROWSE DEBUG OBJECTEXTEND PRINT(.\Listings\
                    -UART.lst) TABS(2) OBJECT(.\Objects\UART.obj)

line level    source

   1          #include<regx52.h>
   2          /*
   3              brief:初始化函数，发送数据函数，接受中断模板
   4              come_in:
   5              out:
   6          */
   7          void UART_Init()//9600bps@11.0592MHz
   8          {
   9   1        SCON=0x50;
  10   1        PCON|=0x80; 
  11   1        TMOD &= 0x0F;   //设置定时器模式
  12   1        TMOD |= 0x20;   //设置定时器模式
  13   1        TL1 = 0xFA;   //设置定时初始值
  14   1        TH1 = 0xFA;   //设置定时重载值
  15   1        ET1 = 0;    //禁止定时器中断
  16   1        TR1 = 1;    //定时器1开始计时
  17   1        EA=1;//允许UART中断
  18   1        ES=1;
  19   1      }
  20          void SendByte(Byte)
  21          {
  22   1        
  23   1          SBUF=Byte;
  24   1          while(TI==0);
  25   1          TI=0;
  26   1      } 
  27          //void RecieveByte() interrupt 4
  28          //{
  29          //  if(RI==1)
  30          //  {
  31          //    
  32          //    RI=0;
  33          //  }
  34          //}


MODULE INFORMATION:   STATIC OVERLAYABLE
   CODE SIZE        =     35    ----
   CONSTANT SIZE    =   ----    ----
   XDATA SIZE       =   ----    ----
   PDATA SIZE       =   ----    ----
   DATA SIZE        =   ----    ----
   IDATA SIZE       =   ----    ----
   BIT SIZE         =   ----    ----
END OF MODULE INFORMATION.


C51 COMPILATION COMPLETE.  0 WARNING(S),  0 ERROR(S)
