C51 COMPILER V9.54   MAIN                                                                  11/25/2021 13:21:47 PAGE 1   


C51 COMPILER V9.54, COMPILATION OF MODULE MAIN
OBJECT MODULE PLACED IN .\Objects\main.obj
COMPILER INVOKED BY: D:\gjrj3\keil4\C51\BIN\C51.EXE main.c OPTIMIZE(8,SPEED) BROWSE DEBUG OBJECTEXTEND PRINT(.\Listings\
                    -main.lst) TABS(2) OBJECT(.\Objects\main.obj)

line level    source

   1          #include<regx52.h>
   2          #include"Timer0.h"
   3          #include"LCD1602.h"
   4          unsigned char Sec=0,Min=0,Hour=0;
   5          void main()
   6          {
   7   1        
   8   1        Timer0Init();
   9   1        LCD_Init();
  10   1        LCD_ShowString(1,1,"TIME:");
  11   1        LCD_ShowString(2,1,"  :  :");
  12   1        while(1)
  13   1        {
  14   2          LCD_ShowNum(2,1,Hour,2);
  15   2          LCD_ShowNum(2,4,Min,2);
  16   2          LCD_ShowNum(2,7,Sec,2);
  17   2        }
  18   1      }
  19          
  20          void Timer0(void)   interrupt 1
  21          {
  22   1        static unsigned int count;
  23   1        TL0 = 0x66;   
  24   1        TH0 = 0xFC;   
  25   1        count++;
  26   1        if(count>=1000)
  27   1        {
  28   2          count=0;
  29   2          Sec++;
  30   2          if(Sec>=60)
  31   2          {
  32   3            Sec=0;
  33   3            Min++;
  34   3            if(Min>=60)
  35   3            {
  36   4              Min=0;
  37   4              Hour++;
  38   4              if(Hour>=24)
  39   4              {
  40   5                Hour=0;
  41   5              }
  42   4            }
  43   3          }
  44   2        }
  45   1        
  46   1        
  47   1        
  48   1      }


MODULE INFORMATION:   STATIC OVERLAYABLE
   CODE SIZE        =    150    ----
   CONSTANT SIZE    =     13    ----
   XDATA SIZE       =   ----    ----
C51 COMPILER V9.54   MAIN                                                                  11/25/2021 13:21:47 PAGE 2   

   PDATA SIZE       =   ----    ----
   DATA SIZE        =      5    ----
   IDATA SIZE       =   ----    ----
   BIT SIZE         =   ----    ----
END OF MODULE INFORMATION.


C51 COMPILATION COMPLETE.  0 WARNING(S),  0 ERROR(S)
