C51 COMPILER V9.01   DLAJ                                                                  03/26/2021 20:50:06 PAGE 1   


C51 COMPILER V9.01, COMPILATION OF MODULE DLAJ
OBJECT MODULE PLACED IN dlaj.OBJ
COMPILER INVOKED BY: C:\Users\∑Ω’Ò—Û\Desktop\dpj\C51\BIN\C51.EXE dlaj.c BROWSE DEBUG OBJECTEXTEND

line level    source

   1          #include<reg52.h>
   2          typedef unsigned int u16;
   3          typedef unsigned char u8;
   4          sbit k1=P3^1;
   5          sbit k2=P3^0;
   6          sbit k3=P3^2;
   7          sbit k4=P3^3;
   8          sbit fm=P1^5;
   9          void delay(u8 i)
  10          {
  11   1              while(i--);
  12   1      }
  13          void main()
  14          {
  15   1              while(1)
  16   1              {
  17   2                      if(k1==0)
  18   2                      {       while(1)
  19   3                          {
  20   4                                      fm=~fm;
  21   4                                      delay(600);
  22   4                                      if(k1==1)
  23   4                                      break;
  24   4                              }
  25   3                      }       
  26   2                      if(k2==0)
  27   2                      {
  28   3                              while(1)
  29   3                          {
  30   4                                      fm=~fm;
  31   4                                      delay(450);
  32   4                                      if(k2==1)
  33   4                                      break;
  34   4                              }
  35   3                      }
  36   2                      if(k3==0)
  37   2                      {
  38   3                              while(1)
  39   3                          {
  40   4                                      fm=~fm;
  41   4                                      delay(300);
  42   4                                      if(k3==1)
  43   4                                      break;
  44   4                              }
  45   3                      }
  46   2                      if(k4==0)
  47   2                      {
  48   3                              while(1)
  49   3                          {
  50   4                                      fm=~fm;
  51   4                                      delay(150);
  52   4                                      if(k4==1)
  53   4                                      break;
  54   4                              }
  55   3                      }               
C51 COMPILER V9.01   DLAJ                                                                  03/26/2021 20:50:06 PAGE 2   

  56   2              }
  57   1       }


MODULE INFORMATION:   STATIC OVERLAYABLE
   CODE SIZE        =     61    ----
   CONSTANT SIZE    =   ----    ----
   XDATA SIZE       =   ----    ----
   PDATA SIZE       =   ----    ----
   DATA SIZE        =   ----    ----
   IDATA SIZE       =   ----    ----
   BIT SIZE         =   ----    ----
END OF MODULE INFORMATION.


C51 COMPILATION COMPLETE.  0 WARNING(S),  0 ERROR(S)
