C51 COMPILER V9.54   TEMPLE                                                                11/21/2021 19:33:32 PAGE 1   


C51 COMPILER V9.54, COMPILATION OF MODULE TEMPLE
OBJECT MODULE PLACED IN temple.OBJ
COMPILER INVOKED BY: D:\gjrj3\keil4\C51\BIN\C51.EXE temple.c OPTIMIZE(8,SPEED) BROWSE DEBUG OBJECTEXTEND TABS(2)

line level    source

   1          #include "reg52.h"
   2          #include "intrins.h"
   3          #define led P2
   4          sbit beep=P1^5;
   5          void delay(unsigned int i)
   6          {
   7   1        while(i--);
   8   1      }
   9          void main()
  10          {
  11   1        int i;
  12   1        led=0xfe;
  13   1        delay(50000);
  14   1        while(1)
  15   1        { 
  16   2          for(i=0;i<7;i++)
  17   2          {
  18   3            P2=_crol_(P2,1);
  19   3            delay(50000);
  20   3          }
  21   2          for(i=0;i<7;i++)
  22   2          {
  23   3            P2=_cror_(P2,1);
  24   3            delay(50000);
  25   3          }
  26   2          for(i=0;i<1000;i++)
  27   2          {
  28   3            beep=~beep;
  29   3          delay(1000);
  30   3          }
  31   2        }
  32   1      }


MODULE INFORMATION:   STATIC OVERLAYABLE
   CODE SIZE        =    109    ----
   CONSTANT SIZE    =   ----    ----
   XDATA SIZE       =   ----    ----
   PDATA SIZE       =   ----    ----
   DATA SIZE        =   ----    ----
   IDATA SIZE       =   ----    ----
   BIT SIZE         =   ----    ----
END OF MODULE INFORMATION.


C51 COMPILATION COMPLETE.  0 WARNING(S),  0 ERROR(S)
