C51 COMPILER V9.54   MAIN                                                                  12/19/2021 11:17:15 PAGE 1   


C51 COMPILER V9.54, COMPILATION OF MODULE MAIN
OBJECT MODULE PLACED IN .\Objects\main.obj
COMPILER INVOKED BY: D:\gjrj3\keil4\C51\BIN\C51.EXE main.c OPTIMIZE(8,SPEED) BROWSE DEBUG OBJECTEXTEND PRINT(.\Listings\
                    -main.lst) TABS(2) OBJECT(.\Objects\main.obj)

line level    source

   1          #include<regx52.h>
   2          #include"LCD1602.h"
   3          #include"DS1302.h"
   4          #include"delay.h"
   5          #include"independence_con.h"
   6          #include"Timer0.h"
   7          unsigned char n,m;
   8          void LCD_Shine(unsigned char i)//指定位闪烁
   9          {
  10   1            if(n==0 && m==1){LCD_ShowString(2,9,"  ");}
  11   1            else{LCD_ShowNum(2,9,DS1302_Data[0],2);}
  12   1            
  13   1            if(n==1 && m==1){LCD_ShowString(2,6,"  ");}
  14   1            else{LCD_ShowNum(2,6,DS1302_Data[1],2);}
  15   1        
  16   1              
  17   1            if(n==2 && m==1){LCD_ShowString(2,3,"  ");}
  18   1            else{LCD_ShowNum(2,3,DS1302_Data[2],2);}
  19   1              
  20   1              
  21   1            if(n==3 && m==1){LCD_ShowString(1,9,"  ");}
  22   1            else{LCD_ShowNum(1,9,DS1302_Data[3],2);}
  23   1              
  24   1              
  25   1            if(n==4 && m==1){LCD_ShowString(1,6,"  ");}
  26   1            else{LCD_ShowNum(1,6,DS1302_Data[4],2);}
  27   1                
  28   1              
  29   1            if(n== 5 && m==1){LCD_ShowString(2,1," ");}
  30   1            else{LCD_ShowNum(2,1,DS1302_Data[5],1);}
  31   1              
  32   1              
  33   1            if(n==6 && m==1){LCD_ShowString(1,3,"  ");}
  34   1            else{LCD_ShowNum(1,3,DS1302_Data[6],2);}
  35   1      }
*** WARNING C280 IN LINE 8 OF main.c: 'i': unreferenced local variable
  36          void LCD_Add()//指定位加一
  37          {
  38   1        DS1302_Data[n]++;
  39   1        if(DS1302_Data[0]>59){DS1302_Data[0]=0;}
  40   1        if(DS1302_Data[1]>59){DS1302_Data[1]=0;}
  41   1        if(DS1302_Data[2]>24){DS1302_Data[2]=0;}
  42   1        //判断月份及大小年，确定日最大值
  43   1        if(DS1302_Data[4]==1 ||DS1302_Data[4]==3 ||DS1302_Data[4]==5 ||DS1302_Data[4]==7 ||DS1302_Data[4]==8 ||DS
             -1302_Data[4]==10 ||DS1302_Data[4]==12)
  44   1        {
  45   2          if(DS1302_Data[3]>31){DS1302_Data[3]=0;}
  46   2        }
  47   1        else
  48   1        {
  49   2          if(DS1302_Data[4]==2)
  50   2          {
  51   3            if(DS1302_Data[6]%4 || DS1302_Data[6]%100){DS1302_Data[3]%=29;}
  52   3            else{DS1302_Data[3]%=30;}
C51 COMPILER V9.54   MAIN                                                                  12/19/2021 11:17:15 PAGE 2   

  53   3          }
  54   2          else{DS1302_Data[3]%=31;}
  55   2        } 
  56   1        DS1302_Data[4]%=13;
  57   1        DS1302_Data[5]%=8;
  58   1        DS1302_Data[6]%=101;
  59   1        DS1302_Set();
  60   1      }
  61          void LCD_Deadd()//指定位减一
  62          {
  63   1        DS1302_Data[n]--;
  64   1        if(DS1302_Data[0]<0){DS1302_Data[0]=59;}
  65   1        if(DS1302_Data[1]<0){DS1302_Data[1]=59;}
  66   1        if(DS1302_Data[2]<0){DS1302_Data[2]=24;}
  67   1        if(DS1302_Data[4]==1 ||DS1302_Data[4]==3 ||DS1302_Data[4]==5 ||DS1302_Data[4]==7 ||DS1302_Data[4]==8 ||DS
             -1302_Data[4]==10 ||DS1302_Data[4]==12)
  68   1        {
  69   2          if(DS1302_Data[3]<0){DS1302_Data[3]=31;}
  70   2        }
  71   1        else
  72   1        {
  73   2          if(DS1302_Data[4]==2)
  74   2          {
  75   3            if(DS1302_Data[6]%4 || !DS1302_Data[6]%100){if(DS1302_Data[3]<0){DS1302_Data[3]=28;}}
  76   3            else{if(DS1302_Data[3]<0){DS1302_Data[3]=29;}}
  77   3          }
  78   2          else{if(DS1302_Data[3]<0){DS1302_Data[3]=30;}}
  79   2        } 
  80   1        if(DS1302_Data[4]<0){DS1302_Data[4]=12;}
  81   1        if(DS1302_Data[5]<0){DS1302_Data[5]=7;}
  82   1        if(DS1302_Data[6]<0){DS1302_Data[6]=99;}
  83   1      }
  84          void main()
  85          {
  86   1        char KEY;
  87   1        Timer0Init();
  88   1        DS1302_Init();
  89   1        LCD_Init();
  90   1        DS1302_Set();
  91   1        LCD_ShowString(1,1,"    -  -");
  92   1        LCD_ShowString(2,1," -  :  :");
  93   1        while(1)
  94   1        {
  95   2          DS1302_Get();
  96   2          LCD_ShowNum(1,1,20,2);
  97   2          LCD_ShowNum(1,3,DS1302_Data[6],2);
  98   2          LCD_ShowNum(1,6,DS1302_Data[4],2);
  99   2          LCD_ShowNum(1,9,DS1302_Data[3],2);
 100   2          LCD_ShowNum(2,1,DS1302_Data[5],1);
 101   2          LCD_ShowNum(2,3,DS1302_Data[2],2);
 102   2          LCD_ShowNum(2,6,DS1302_Data[1],2);
 103   2          LCD_ShowNum(2,9,DS1302_Data[0],2);
 104   2          KEY = independent();
 105   2          if(KEY==1)
 106   2          {
 107   3            n=0;
 108   3            KEY = 0;
 109   3            while(KEY!=1)
 110   3            {
 111   4              LCD_Shine(n);
 112   4              KEY = independent();
 113   4              if(KEY==2)
C51 COMPILER V9.54   MAIN                                                                  12/19/2021 11:17:15 PAGE 3   

 114   4              {
 115   5                n++;
 116   5                if(n>=7){n=0;}
 117   5              } 
 118   4              if(KEY==3)
 119   4              {LCD_Add();}
 120   4              if(KEY==4)
 121   4              {LCD_Deadd();}
 122   4            }
 123   3          }
 124   2        }
 125   1      }
 126          void Timer0(void)   interrupt 1//用于闪烁
 127          {
 128   1        static unsigned int count;
 129   1        TL0 = 0x66;   
 130   1        TH0 = 0xFC;   
 131   1        count++;
 132   1        if(count>=500)
 133   1        {
 134   2          count=0;
 135   2          m=!m;
 136   2        }
 137   1      } 


MODULE INFORMATION:   STATIC OVERLAYABLE
   CODE SIZE        =    998    ----
   CONSTANT SIZE    =     23    ----
   XDATA SIZE       =   ----    ----
   PDATA SIZE       =   ----    ----
   DATA SIZE        =      4       2
   IDATA SIZE       =   ----    ----
   BIT SIZE         =   ----    ----
END OF MODULE INFORMATION.


C51 COMPILATION COMPLETE.  1 WARNING(S),  0 ERROR(S)
