C51 COMPILER V9.54   TIMER0                                                                12/04/2021 09:36:10 PAGE 1   


C51 COMPILER V9.54, COMPILATION OF MODULE TIMER0
OBJECT MODULE PLACED IN .\Objects\Timer0.obj
COMPILER INVOKED BY: D:\gjrj3\keil4\C51\BIN\C51.EXE Timer0.c OPTIMIZE(8,SPEED) BROWSE DEBUG OBJECTEXTEND PRINT(.\Listing
                    -s\Timer0.lst) TABS(2) OBJECT(.\Objects\Timer0.obj)

line level    source

   1          #include<regx52.h>
   2          void Timer0Init()   //1毫秒
   3          {
   4   1        
   5   1        TMOD &= 0xF0;   //设置定时器模式
   6   1        TMOD |= 0x01;   //设置定时器模式
   7   1        TL0 = 0x66;   //设置定时初始值
   8   1        TH0 = 0xFC;   //设置定时初始值
   9   1        TF0 = 0;    //清除TF0标志
  10   1        TR0 = 1;    //定时器0开始计时
  11   1        ET0=1;
  12   1        EA=1;
  13   1        PT0=0;  
  14   1      }
  15          
  16          //void Timer0(void)   interrupt 1
  17          //{
  18          //  static unsigned int count;//使用char可能达不到一千，不会执行if语句
  19          //  TL0 = 0x66;   
  20          //  TH0 = 0xFC;   
  21          //  count++;
  22          //  if(count>1000)
  23          //  {
  24          //    count=0;
  25          //    
  26          //  }
  27          //}


MODULE INFORMATION:   STATIC OVERLAYABLE
   CODE SIZE        =     23    ----
   CONSTANT SIZE    =   ----    ----
   XDATA SIZE       =   ----    ----
   PDATA SIZE       =   ----    ----
   DATA SIZE        =   ----    ----
   IDATA SIZE       =   ----    ----
   BIT SIZE         =   ----    ----
END OF MODULE INFORMATION.


C51 COMPILATION COMPLETE.  0 WARNING(S),  0 ERROR(S)
