C51 COMPILER V9.54   MAIN                                                                  01/04/2022 19:31:49 PAGE 1   


C51 COMPILER V9.54, COMPILATION OF MODULE MAIN
OBJECT MODULE PLACED IN .\Objects\main.obj
COMPILER INVOKED BY: D:\gjrj3\keil4\C51\BIN\C51.EXE main.c OPTIMIZE(8,SPEED) BROWSE DEBUG OBJECTEXTEND PRINT(.\Listings\
                    -main.lst) TABS(2) OBJECT(.\Objects\main.obj)

line level    source

   1          #include<regx52.h>
   2          #include"Timer0.h"
   3          #include"smgnumber.h"
   4          #include"independence_con.h"
   5          unsigned char T,D=0;
   6          unsigned char KEY;
   7          void main()
   8          {
   9   1        
  10   1        Timer0Init();
  11   1        while(1)
  12   1        {
  13   2          KEY=independent();  
  14   2          if(KEY==1)
  15   2          {
  16   3            D++;
  17   3            D%=4;
  18   3            if(D==0){T=0;}
  19   3            if(D==1){T=33;}
  20   3            if(D==2){T=66;}
  21   3            if(D==3){T=99;}
  22   3          }
  23   2           smgnumber(1,D);
  24   2        }
  25   1        
  26   1      }
  27          void Timer0(void)   interrupt 1    //100微秒
  28          {
  29   1        static unsigned int count;
  30   1        TL0 = 0xAE;   
  31   1        TH0 = 0xFB;   
  32   1        count++;
  33   1        count%=100;
  34   1        if(count<T){P1_0=1;}
  35   1        if(count>=T){P1_0=0;}
  36   1      }


MODULE INFORMATION:   STATIC OVERLAYABLE
   CODE SIZE        =    153    ----
   CONSTANT SIZE    =   ----    ----
   XDATA SIZE       =   ----    ----
   PDATA SIZE       =   ----    ----
   DATA SIZE        =      5    ----
   IDATA SIZE       =   ----    ----
   BIT SIZE         =   ----    ----
END OF MODULE INFORMATION.


C51 COMPILATION COMPLETE.  0 WARNING(S),  0 ERROR(S)
