C51 COMPILER V9.54   MAIN                                                                  01/04/2022 18:28:57 PAGE 1   


C51 COMPILER V9.54, COMPILATION OF MODULE MAIN
OBJECT MODULE PLACED IN .\Objects\main.obj
COMPILER INVOKED BY: D:\gjrj3\keil4\C51\BIN\C51.EXE main.c OPTIMIZE(8,SPEED) BROWSE DEBUG OBJECTEXTEND PRINT(.\Listings\
                    -main.lst) TABS(2) OBJECT(.\Objects\main.obj)

line level    source

   1          #include<regx52.h>
   2          void delay(unsigned char i)
   3          {
   4   1        while(i--);
   5   1      }
   6          void main()
   7          {
   8   1        unsigned char Time,t;
   9   1        while(1)
  10   1        {
  11   2          for(Time=0;Time<100;Time++)
  12   2         {
  13   3            for(t=0;t<30;t++)
  14   3           {
  15   4           P2_0=0;
  16   4           delay(Time);
  17   4           P2_0=1;
  18   4           delay(100-Time);
  19   4           }
  20   3         }
  21   2         for(Time=100;Time>0;Time--)
  22   2         {
  23   3           for(t=0;t<30;t++)
  24   3           {
  25   4           P2_0=0;
  26   4           delay(Time);
  27   4           P2_0=1;
  28   4           delay(100-Time);
  29   4           }
  30   3         }
  31   2        }
  32   1        
  33   1      }


MODULE INFORMATION:   STATIC OVERLAYABLE
   CODE SIZE        =     56    ----
   CONSTANT SIZE    =   ----    ----
   XDATA SIZE       =   ----    ----
   PDATA SIZE       =   ----    ----
   DATA SIZE        =   ----    ----
   IDATA SIZE       =   ----    ----
   BIT SIZE         =   ----    ----
END OF MODULE INFORMATION.


C51 COMPILATION COMPLETE.  0 WARNING(S),  0 ERROR(S)
