C51 COMPILER V9.54   AT24C02                                                               01/04/2022 14:46:55 PAGE 1   


C51 COMPILER V9.54, COMPILATION OF MODULE AT24C02
OBJECT MODULE PLACED IN .\Objects\AT24C02.obj
COMPILER INVOKED BY: D:\gjrj3\keil4\C51\BIN\C51.EXE AT24C02.c OPTIMIZE(8,SPEED) BROWSE DEBUG OBJECTEXTEND PRINT(.\Listin
                    -gs\AT24C02.lst) TABS(2) OBJECT(.\Objects\AT24C02.obj)

line level    source

   1          #include<reg52.h>
   2          #include"delay.h"
   3          #include"I2C.h"
   4          void AT24C02_Write(unsigned char Address,unsigned char Byte)
   5          {
   6   1        I2C_Start();
   7   1        I2C_WriteByte(0xA0);
   8   1        I2C_RA();
   9   1        I2C_WriteByte(Address);
  10   1        I2C_RA();
  11   1        I2C_WriteByte(Byte);
  12   1        I2C_RA();
  13   1        I2C_Stop();
  14   1        delay(5);
  15   1      }
  16          unsigned char AT24C02_Receive(unsigned char Address)
  17          {
  18   1        unsigned char Byte;
  19   1        I2C_Start();
  20   1        I2C_WriteByte(0xA0);
  21   1        I2C_RA();
  22   1        I2C_WriteByte(Address);
  23   1        I2C_RA();
  24   1        I2C_Start();
  25   1        I2C_WriteByte(0xA1);
  26   1        I2C_RA();
  27   1        Byte=I2C_ReceiveByte();
  28   1        I2C_SA(1);
  29   1        I2C_Stop();
  30   1        return Byte;
  31   1      }


MODULE INFORMATION:   STATIC OVERLAYABLE
   CODE SIZE        =     89    ----
   CONSTANT SIZE    =   ----    ----
   XDATA SIZE       =   ----    ----
   PDATA SIZE       =   ----    ----
   DATA SIZE        =   ----       4
   IDATA SIZE       =   ----    ----
   BIT SIZE         =   ----    ----
END OF MODULE INFORMATION.


C51 COMPILATION COMPLETE.  0 WARNING(S),  0 ERROR(S)
