C51 COMPILER V9.54   INDEPENDENCE_CON                                                      01/04/2022 14:36:04 PAGE 1   


C51 COMPILER V9.54, COMPILATION OF MODULE INDEPENDENCE_CON
OBJECT MODULE PLACED IN .\Objects\independence_con.obj
COMPILER INVOKED BY: D:\gjrj3\keil4\C51\BIN\C51.EXE independence_con.c OPTIMIZE(8,SPEED) BROWSE DEBUG OBJECTEXTEND PRINT
                    -(.\Listings\independence_con.lst) TABS(2) OBJECT(.\Objects\independence_con.obj)

line level    source

   1          #include<regx52.h>
   2          #include"delay.h"
   3          unsigned char KEY1;
   4          /*
   5              brief:检测按键并输出键码值
   6              come_in:无
   7              out:键码值
   8          */
   9          char independent()
  10          {
  11   1        unsigned int KEY=0;
  12   1        if(P3_1==0){KEY=1;}
  13   1        if(P3_0==0){KEY=2;}
  14   1        if(P3_2==0){KEY=3;}
  15   1        if(P3_3==0){KEY=4;}
  16   1        return KEY;
  17   1      }
  18          
  19          char KEY_Loop()
  20          {
  21   1        static unsigned char now,last;
  22   1        last=now;
  23   1        now=independent();
  24   1        if(last==1 & now==0){KEY1=1;}
  25   1        if(last==2 & now==0){KEY1=2;}
  26   1        if(last==3 & now==0){KEY1=3;}
  27   1        if(last==4 & now==0){KEY1=4;}
  28   1        return KEY1;
  29   1      }
  30          unsigned char Key(void)
  31          {
  32   1        unsigned char Temp=0;
  33   1        Temp=KEY1;
  34   1        KEY1=0;
  35   1        return Temp;
  36   1      }


MODULE INFORMATION:   STATIC OVERLAYABLE
   CODE SIZE        =    151    ----
   CONSTANT SIZE    =   ----    ----
   XDATA SIZE       =   ----    ----
   PDATA SIZE       =   ----    ----
   DATA SIZE        =      3    ----
   IDATA SIZE       =   ----    ----
   BIT SIZE         =   ----    ----
END OF MODULE INFORMATION.


C51 COMPILATION COMPLETE.  0 WARNING(S),  0 ERROR(S)
