C51 COMPILER V9.54   SMGNUMBER                                                             01/04/2022 11:54:23 PAGE 1   


C51 COMPILER V9.54, COMPILATION OF MODULE SMGNUMBER
OBJECT MODULE PLACED IN .\Objects\smgnumber.obj
COMPILER INVOKED BY: D:\gjrj3\keil4\C51\BIN\C51.EXE smgnumber.c OPTIMIZE(8,SPEED) BROWSE DEBUG OBJECTEXTEND PRINT(.\List
                    -ings\smgnumber.lst) TABS(2) OBJECT(.\Objects\smgnumber.obj)

line level    source

   1          #include<regx52.h>
   2          #include"delay.h"
   3          #define LSA P2_2
   4          #define LSB P2_3
   5          #define LSC P2_4
   6          typedef unsigned int u16;
   7          typedef unsigned char u8;
   8          unsigned char Time[]={0,1,2,16,2,3,16,5,9};
   9            u8 code smg[]={0x3f , 0x06, 0x5b , 0x4f , 0x66 , 0x6d, 0x7d , 0x07 , 0x7f  , 0x6f , 0x77 , 0x7c ,0x39 , 0
             -x5e , 0x79 , 0x71,0x40};
  10          void smgnumber(unsigned int which,what)
  11          {
  12   1        P0=0x00;
  13   1        switch(which)
  14   1            {
  15   2              case (8):
  16   2                LSA=0;LSB=0;LSC=0;break;
  17   2              case (7):
  18   2                LSA=1;LSB=0;LSC=0;break;
  19   2              case (6):
  20   2                LSA=0;LSB=1;LSC=0;break;
  21   2              case (5):
  22   2                LSA=1;LSB=1;LSC=0;break;
  23   2              case (4):
  24   2                LSA=0;LSB=0;LSC=1;break;
  25   2              case (3):
  26   2                LSA=1;LSB=0;LSC=1;break;
  27   2              case (2):
  28   2                LSA=0;LSB=1;LSC=1;    break;
  29   2              case (1):
  30   2                LSA=1;LSB=1;LSC=1;break;
  31   2            }
  32   1            P0=smg[what];
  33   1      }
  34          void Smg_Loop()
  35          {
  36   1        static unsigned char i;
  37   1        smgnumber(i,Time[i]);
  38   1        i++;
  39   1        if(i>8){i=1;}
  40   1      }
  41          void Smg_Table(unsigned char address,unsigned char Num)
  42          {
  43   1        Time[address]=Num;
  44   1      }


MODULE INFORMATION:   STATIC OVERLAYABLE
   CODE SIZE        =    148    ----
   CONSTANT SIZE    =     17    ----
   XDATA SIZE       =   ----    ----
   PDATA SIZE       =   ----    ----
   DATA SIZE        =     10    ----
   IDATA SIZE       =   ----    ----
C51 COMPILER V9.54   SMGNUMBER                                                             01/04/2022 11:54:23 PAGE 2   

   BIT SIZE         =   ----    ----
END OF MODULE INFORMATION.


C51 COMPILATION COMPLETE.  0 WARNING(S),  0 ERROR(S)
