C51 COMPILER V9.54   FMQ                                                                   01/04/2022 20:10:36 PAGE 1   


C51 COMPILER V9.54, COMPILATION OF MODULE FMQ
OBJECT MODULE PLACED IN fmq.OBJ
COMPILER INVOKED BY: D:\gjrj3\keil4\C51\BIN\C51.EXE fmq.c OPTIMIZE(8,SPEED) BROWSE DEBUG OBJECTEXTEND TABS(2)

line level    source

   1          #include <reg52.h>
   2          sbit fmq=P1^5;
   3          void delay(unsigned int i)
   4          {
   5   1        while(i--);
   6   1      }
   7          void main()
   8          {
   9   1        while(1)
  10   1        {
  11   2          fmq=~fmq;
  12   2          delay(150); 
  13   2        }
  14   1      }


MODULE INFORMATION:   STATIC OVERLAYABLE
   CODE SIZE        =     22    ----
   CONSTANT SIZE    =   ----    ----
   XDATA SIZE       =   ----    ----
   PDATA SIZE       =   ----    ----
   DATA SIZE        =   ----    ----
   IDATA SIZE       =   ----    ----
   BIT SIZE         =   ----    ----
END OF MODULE INFORMATION.


C51 COMPILATION COMPLETE.  0 WARNING(S),  0 ERROR(S)
