C51 COMPILER V9.54   MAIN                                                                  12/03/2021 10:13:47 PAGE 1   


C51 COMPILER V9.54, COMPILATION OF MODULE MAIN
OBJECT MODULE PLACED IN .\Objects\main.obj
COMPILER INVOKED BY: D:\gjrj3\keil4\C51\BIN\C51.EXE main.c OPTIMIZE(8,SPEED) BROWSE DEBUG OBJECTEXTEND PRINT(.\Listings\
                    -main.lst) TABS(2) OBJECT(.\Objects\main.obj)

line level    source

   1          #include<regx52.h>
   2          #include"_74HC595.h"
   3          #include"MLED.h"
   4          unsigned char code smg[]={0x89,0xBF,0xC8,0x80,0x04,0x08,0xFF,0x08};
   5          unsigned char i;
   6          void main()
   7          {
   8   1        while(1)
   9   1        {
  10   2          for(i=0;i<8;i++)
  11   2          {
  12   3            MLED(i,smg[i]);
  13   3          }
  14   2        }
  15   1      }


MODULE INFORMATION:   STATIC OVERLAYABLE
   CODE SIZE        =     28    ----
   CONSTANT SIZE    =      8    ----
   XDATA SIZE       =   ----    ----
   PDATA SIZE       =   ----    ----
   DATA SIZE        =      1    ----
   IDATA SIZE       =   ----    ----
   BIT SIZE         =   ----    ----
END OF MODULE INFORMATION.


C51 COMPILATION COMPLETE.  0 WARNING(S),  0 ERROR(S)
