C51 COMPILER V9.01   MAIN                                                                  03/16/2021 22:58:59 PAGE 1   


C51 COMPILER V9.01, COMPILATION OF MODULE MAIN
OBJECT MODULE PLACED IN main.OBJ
COMPILER INVOKED BY: C:\Users\∑Ω’Ò—Û\Desktop\dpj\C51\BIN\C51.EXE main.c BROWSE DEBUG OBJECTEXTEND

line level    source

   1          #include <reg52.h>
   2          sbit led1=P2^0;
   3          sbit led2=P2^1;
   4          sbit led3=P2^2;
   5          sbit led4=P2^3;
   6          void delay(unsigned int i)
   7          {
   8   1              while(i--);
   9   1      }
  10          void main()
  11          {       while(1)
  12   1      
  13   1              {       led1=0;
  14   2                      delay(50000);
  15   2                      led2=0 ;
  16   2                      delay(25000);
  17   2                      led1=1;
  18   2                      delay(50000);
  19   2                      led3=0;
  20   2                      delay(25000);
  21   2                      led2=1;
  22   2                      delay(10000);
  23   2                      led4=0;
  24   2                      delay(25000);
  25   2                      led3=1;
  26   2                      delay(10000);
  27   2                      led4=1;
  28   2                      delay(5000);
  29   2      
  30   2               }
  31   1      }


MODULE INFORMATION:   STATIC OVERLAYABLE
   CODE SIZE        =     77    ----
   CONSTANT SIZE    =   ----    ----
   XDATA SIZE       =   ----    ----
   PDATA SIZE       =   ----    ----
   DATA SIZE        =   ----    ----
   IDATA SIZE       =   ----    ----
   BIT SIZE         =   ----    ----
END OF MODULE INFORMATION.


C51 COMPILATION COMPLETE.  0 WARNING(S),  0 ERROR(S)
