C51 COMPILER V9.54   DS1302                                                                12/04/2021 09:19:38 PAGE 1   


C51 COMPILER V9.54, COMPILATION OF MODULE DS1302
OBJECT MODULE PLACED IN .\Objects\DS1302.obj
COMPILER INVOKED BY: D:\gjrj3\keil4\C51\BIN\C51.EXE DS1302.c OPTIMIZE(8,SPEED) BROWSE DEBUG OBJECTEXTEND PRINT(.\Listing
                    -s\DS1302.lst) TABS(2) OBJECT(.\Objects\DS1302.obj)

line level    source

   1          #include<regx52.h>
   2          sbit CE = P3^5;
   3          sbit IO = P3^4;
   4          sbit SCLK = P3^6;
   5          unsigned char code DS1302_Location[]={0x80,0x82,0x84,0x86,0x88,0x8A,0x8C};
   6          unsigned char DS1302_Data[]={00,37,23,03,12,05,21};//ç§’ï¼Œåˆ†ï¼Œæ—¶ï¼Œæ—¥ï¼Œæœˆï¼Œå‘¨ï¼Œå¹´
   7          void DS1302_Init()
   8          {
   9   1        CE=0;
  10   1        SCLK=0;
  11   1      }
  12          unsigned char DS1302_Read(unsigned char command)//å¯¹åº”åœ°å€ä¸ºå†™å…¥æ“ä½œåœ°å€ï¼Œå‡½æ•°å†…éƒ¨æ¢ä¸ºè¯
             -»å–åœ°å€
  13          {
  14   1        unsigned char i,Data=0x00;
  15   1        command|=0x01;
  16   1        CE=1;
  17   1        for(i=0;i<8;i++)
  18   1        {
  19   2          IO=command&(0x01<<i);
  20   2          SCLK=0;
  21   2          SCLK=1;
  22   2        }
  23   1        for(i=0;i<8;i++)
  24   1        {
  25   2          SCLK=1;
  26   2          SCLK=0;
  27   2          if(IO) 
  28   2          {Data|=(0x01<<i);}
  29   2        }
  30   1        IO=0;
  31   1        CE=0;
  32   1        return Data;//BCDç±»å‹
  33   1      }
  34          //å…ˆå†™å…¥æŒ‡ä»¤ï¼Œå†å†™å…¥å­—ç¬¦
  35          void DS1302_Write(unsigned char command,Data)
  36          {
  37   1        unsigned char i;
  38   1        CE=1;
  39   1        for(i=0;i<8;i++)
  40   1        {
  41   2          IO=command&(0x01<<i);
  42   2          SCLK=1;
  43   2          SCLK=0;
  44   2        }
  45   1        for(i=0;i<8;i++)
  46   1        {
  47   2          IO=Data&(0x01<<i);
  48   2          SCLK=1;
  49   2          SCLK=0;
  50   2        }
  51   1        CE=0;
  52   1        IO=0;
  53   1      }
C51 COMPILER V9.54   DS1302                                                                12/04/2021 09:19:38 PAGE 2   

  54          //æ¥å—æ—¶é’Ÿæ•°æ®å¹¶å‚¨å­˜å†DS1302_Data[]ä¸­
  55          void DS1302_Get()
  56          {
  57   1        unsigned char i,a;
  58   1        for(i=0;i<7;i++)
  59   1        {
  60   2          a=DS1302_Read(DS1302_Location[i]);
  61   2          DS1302_Data[i]=(a/16)*10+a%16;
  62   2        }
  63   1      }
  64          //å°†DS1302_Data[]ä¸­æ•°æ®å†™å…¥æ—¶é’ŸèŠ¯ç‰‡,å¯é€šè¿‡æ›´æ”¹DS1302_Dataä¸­æ•°æ®è°ƒèŠ‚æ—¶é—´
  65          void DS1302_Set()
  66          {
  67   1          unsigned char a,b,i;
  68   1        for(i=0;i<7;i++)
  69   1        {
  70   2          a=DS1302_Data[i];
  71   2          b=(a/10)*16+a%10;
  72   2          DS1302_Write(DS1302_Location[i],b);
  73   2        }
  74   1      }


MODULE INFORMATION:   STATIC OVERLAYABLE
   CODE SIZE        =    253    ----
   CONSTANT SIZE    =      7    ----
   XDATA SIZE       =   ----    ----
   PDATA SIZE       =   ----    ----
   DATA SIZE        =      7       3
   IDATA SIZE       =   ----    ----
   BIT SIZE         =   ----    ----
END OF MODULE INFORMATION.


C51 COMPILATION COMPLETE.  0 WARNING(S),  0 ERROR(S)
