C51 COMPILER V9.54   INDEPENDENCE_CON                                                      12/04/2021 09:19:38 PAGE 1   


C51 COMPILER V9.54, COMPILATION OF MODULE INDEPENDENCE_CON
OBJECT MODULE PLACED IN .\Objects\independence_con.obj
COMPILER INVOKED BY: D:\gjrj3\keil4\C51\BIN\C51.EXE independence_con.c OPTIMIZE(8,SPEED) BROWSE DEBUG OBJECTEXTEND PRINT
                    -(.\Listings\independence_con.lst) TABS(2) OBJECT(.\Objects\independence_con.obj)

line level    source

   1          #include<regx52.h>
   2          #include"delay.h"
   3          /*
   4              brief:检测按键并输出键码值
   5              come_in:无
   6              out:键码值
   7          */
   8          char independent()
   9          {
  10   1        unsigned int KEY=0;
  11   1        if(P3_1==0){delay(20);while(P3_1==0);KEY=1;}
  12   1        if(P3_0==0){delay(20);while(P3_0==0);KEY=2;}
  13   1        if(P3_2==0){delay(20);while(P3_2==0);KEY=3;}
  14   1        if(P3_3==0){delay(20);while(P3_3==0);KEY=4;}
  15   1        return KEY;
  16   1      }


MODULE INFORMATION:   STATIC OVERLAYABLE
   CODE SIZE        =     83    ----
   CONSTANT SIZE    =   ----    ----
   XDATA SIZE       =   ----    ----
   PDATA SIZE       =   ----    ----
   DATA SIZE        =   ----       2
   IDATA SIZE       =   ----    ----
   BIT SIZE         =   ----    ----
END OF MODULE INFORMATION.


C51 COMPILATION COMPLETE.  0 WARNING(S),  0 ERROR(S)
