C51 COMPILER V9.54   MAIN                                                                  12/04/2021 09:19:37 PAGE 1   


C51 COMPILER V9.54, COMPILATION OF MODULE MAIN
OBJECT MODULE PLACED IN .\Objects\main.obj
COMPILER INVOKED BY: D:\gjrj3\keil4\C51\BIN\C51.EXE main.c OPTIMIZE(8,SPEED) BROWSE DEBUG OBJECTEXTEND PRINT(.\Listings\
                    -main.lst) TABS(2) OBJECT(.\Objects\main.obj)

line level    source

   1          #include<regx52.h>
   2          #include"LCD1602.h"
   3          #include"DS1302.h"
   4          void main()
   5          {
   6   1        DS1302_Init();
   7   1        LCD_Init();
   8   1      
   9   1        DS1302_Set();
  10   1        LCD_ShowString(1,1,"    -  -");
  11   1        LCD_ShowString(2,1," -  :  :");
  12   1        while(1)
  13   1        {
  14   2          DS1302_Get();
  15   2          LCD_ShowNum(1,1,20,2);
  16   2          LCD_ShowNum(1,3,DS1302_Data[6],2);
  17   2          LCD_ShowNum(1,6,DS1302_Data[4],2);
  18   2          LCD_ShowNum(1,9,DS1302_Data[3],2);
  19   2          LCD_ShowNum(2,1,DS1302_Data[5],1);
  20   2          LCD_ShowNum(2,3,DS1302_Data[2],2);
  21   2          LCD_ShowNum(2,6,DS1302_Data[1],2);
  22   2          LCD_ShowNum(2,9,DS1302_Data[0],2);
  23   2        }
  24   1      }


MODULE INFORMATION:   STATIC OVERLAYABLE
   CODE SIZE        =    159    ----
   CONSTANT SIZE    =     18    ----
   XDATA SIZE       =   ----    ----
   PDATA SIZE       =   ----    ----
   DATA SIZE        =   ----    ----
   IDATA SIZE       =   ----    ----
   BIT SIZE         =   ----    ----
END OF MODULE INFORMATION.


C51 COMPILATION COMPLETE.  0 WARNING(S),  0 ERROR(S)
