C51 COMPILER V9.54   MAIN                                                                  11/22/2021 13:01:34 PAGE 1   


C51 COMPILER V9.54, COMPILATION OF MODULE MAIN
OBJECT MODULE PLACED IN .\Objects\main.obj
COMPILER INVOKED BY: D:\gjrj3\keil4\C51\BIN\C51.EXE main.c OPTIMIZE(8,SPEED) BROWSE DEBUG OBJECTEXTEND PRINT(.\Listings\
                    -main.lst) TABS(2) OBJECT(.\Objects\main.obj)

line level    source

   1          #include<regx52.h>
   2          #include<LCD1602.h>
   3          #include<delay.h>
   4          void main()
   5          {
   6   1        LCD_Init();
   7   1        
   8   1        
   9   1        while(1)
  10   1        {
  11   2          LCD_ShowString(1,1,"sun xiaohui is ");
  12   2          LCD_ShowString(2,5,"so charming!");
  13   2          delay(4000);
  14   2          LCD_Init();
  15   2          LCD_ShowString(1,1,"she makes me");
  16   2          LCD_ShowString(2,5,"feel well");
  17   2          delay(4000);
  18   2          LCD_Init();
  19   2          LCD_ShowString(1,1,"I like her");
  20   2          delay(2000);
  21   2        }
  22   1      }


MODULE INFORMATION:   STATIC OVERLAYABLE
   CODE SIZE        =     97    ----
   CONSTANT SIZE    =     63    ----
   XDATA SIZE       =   ----    ----
   PDATA SIZE       =   ----    ----
   DATA SIZE        =   ----    ----
   IDATA SIZE       =   ----    ----
   BIT SIZE         =   ----    ----
END OF MODULE INFORMATION.


C51 COMPILATION COMPLETE.  0 WARNING(S),  0 ERROR(S)
